Using pre-set license
Built from '2020.3/staging' branch; Version is '2020.3.3f1 (76626098c1c4) revision 7758432'; Using compiler version '192528614'; Build Type 'Release'
OS: 'Windows 10 Enterprise; OS build 18363.1734; Version 1909; 64bit' Language: 'en' Physical Memory: 16301 MB
BatchMode: 1, IsHumanControllingUs: 0, StartBugReporterOnCrash: 0, Is64bit: 1, IsPro: 0

 COMMAND LINE ARGUMENTS:
C:\Program Files\Unity\Hub\Editor\2020_3_3f1\Editor\Unity.exe
-adb2
-batchMode
-noUpm
-name
AssetImportWorker0
-projectPath
C:/Users/Aiur/Desktop/VV_Client_2021
-logFile
Logs/AssetImportWorker0.log
-srvPort
59326
Successfully changed project path to: C:/Users/Aiur/Desktop/VV_Client_2021
C:/Users/Aiur/Desktop/VV_Client_2021
Using Asset Import Pipeline V2.
Refreshing native plugins compatible for Editor in 35.92 ms, found 2 plugins.
Preloading 0 native plugins for Editor in 0.00 ms.
Initialize engine version: 2020.3.3f1 (76626098c1c4)
[Subsystems] Discovering subsystems at path C:/Program Files/Unity/Hub/Editor/2020_3_3f1/Editor/Data/Resources/UnitySubsystems
[Subsystems] Discovering subsystems at path C:/Users/Aiur/Desktop/VV_Client_2021/Assets
GfxDevice: creating device client; threaded=0
Direct3D:
    Version:  Direct3D 11.0 [level 11.1]
    Renderer: NVIDIA GeForce GTX 970 (ID=0x13c2)
    Vendor:   
    VRAM:     4043 MB
    Driver:   27.21.14.6677
Initialize mono
Mono path[0] = 'C:/Program Files/Unity/Hub/Editor/2020_3_3f1/Editor/Data/Managed'
Mono path[1] = 'C:/Program Files/Unity/Hub/Editor/2020_3_3f1/Editor/Data/MonoBleedingEdge/lib/mono/unityjit'
Mono config path = 'C:/Program Files/Unity/Hub/Editor/2020_3_3f1/Editor/Data/MonoBleedingEdge/etc'
Using monoOptions --debugger-agent=transport=dt_socket,embedding=1,server=y,suspend=n,address=127.0.0.1:56788
Begin MonoManager ReloadAssembly
Registering precompiled unity dll's ...
Register platform support module: C:/Program Files/Unity/Hub/Editor/2020_3_3f1/Editor/Data/PlaybackEngines/WebGLSupport/UnityEditor.WebGL.Extensions.dll
Register platform support module: C:/Program Files/Unity/Hub/Editor/2020_3_3f1/Editor/Data/PlaybackEngines/WindowsStandaloneSupport/UnityEditor.WindowsStandalone.Extensions.dll
Register platform support module: C:/Program Files/Unity/Hub/Editor/2020_3_3f1/Editor/Data/PlaybackEngines/LuminSupport/UnityEditor.Lumin.Extensions.dll
Registered in 0.002743 seconds.
Native extension for Lumin target not found
Native extension for WindowsStandalone target not found
Native extension for WebGL target not found
Refreshing native plugins compatible for Editor in 32.98 ms, found 2 plugins.
Preloading 0 native plugins for Editor in 0.00 ms.
Invoked RoslynAnalysisRunner static constructor.
RoslynAnalysisRunner will not be running.
RoslynAnalysisRunner has terminated.
Mono: successfully reloaded assembly
- Completed reload, in  2.305 seconds
Platform modules already initialized, skipping
Registering precompiled user dll's ...
Registered in 0.004565 seconds.
Begin MonoManager ReloadAssembly
Native extension for Lumin target not found
Native extension for WindowsStandalone target not found
Native extension for WebGL target not found
Refreshing native plugins compatible for Editor in 0.31 ms, found 2 plugins.
Preloading 0 native plugins for Editor in 0.00 ms.
Invoked RoslynAnalysisRunner static constructor.
RoslynAnalysisRunner will not be running.
RoslynAnalysisRunner has terminated.
Mono: successfully reloaded assembly
- Completed reload, in  1.260 seconds
Platform modules already initialized, skipping
========================================================================
Worker process is ready to serve import requests
Launched and connected shader compiler UnityShaderCompiler.exe after 0.05 seconds
Refreshing native plugins compatible for Editor in 0.40 ms, found 2 plugins.
Preloading 0 native plugins for Editor in 0.00 ms.
Unloading 1423 Unused Serialized files (Serialized files now loaded: 0)
System memory in use before: 68.4 MB.
System memory in use after: 68.5 MB.

Unloading 18 unused Assets to reduce memory usage. Loaded Objects now: 1857.
Total: 2.366000 ms (FindLiveObjects: 0.151300 ms CreateObjectMapping: 0.037900 ms MarkObjects: 2.075900 ms  DeleteObjects: 0.100000 ms)

========================================================================
Received Import Request.
  path: Assets/CaptchaGenerator.asset
  artifactKey: Guid(afc376682990eb3448e9622d88bc03c4) Importer(815301076,1909f56bfc062723c751e8b465ee728b)
Start importing Assets/CaptchaGenerator.asset using Guid(afc376682990eb3448e9622d88bc03c4) Importer(815301076,1909f56bfc062723c751e8b465ee728b)  -> (artifact id: '78c6fffd20e297b86788c9cc6ebc5959') in 0.033739 seconds
  Import took 0.036303 seconds .

========================================================================
Received Import Request.
  Time since last request: 7.779218 seconds.
  path: Assets/scene.unity
  artifactKey: Guid(6c554a9dc965b9a4fae8f9cc0ccac902) Importer(815301076,1909f56bfc062723c751e8b465ee728b)
Start importing Assets/scene.unity using Guid(6c554a9dc965b9a4fae8f9cc0ccac902) Importer(815301076,1909f56bfc062723c751e8b465ee728b)  -> (artifact id: '0d8e08176f632b087e7ff9dd747935ae') in 0.017958 seconds
  Import took 0.020797 seconds .

========================================================================
Received Prepare
Registering precompiled user dll's ...
Registered in 0.004299 seconds.
Begin MonoManager ReloadAssembly
Native extension for Lumin target not found
Native extension for WindowsStandalone target not found
Native extension for WebGL target not found
Refreshing native plugins compatible for Editor in 0.37 ms, found 2 plugins.
Preloading 0 native plugins for Editor in 0.00 ms.
Invoked RoslynAnalysisRunner static constructor.
RoslynAnalysisRunner will not be running.
RoslynAnalysisRunner has terminated.
Mono: successfully reloaded assembly
- Completed reload, in  1.347 seconds
Platform modules already initialized, skipping
Switching build target platform(5) subTarget(0) extendedPlatform(0) -> platform(13) subTarget(537395200) extendedPlatform(0)
Refreshing native plugins compatible for Editor in 0.32 ms, found 2 plugins.
Preloading 0 native plugins for Editor in 0.00 ms.
Unloading 1407 Unused Serialized files (Serialized files now loaded: 0)
System memory in use before: 66.8 MB.
System memory in use after: 66.9 MB.

Unloading 13 unused Assets to reduce memory usage. Loaded Objects now: 1860.
Total: 2.520100 ms (FindLiveObjects: 0.221300 ms CreateObjectMapping: 0.044800 ms MarkObjects: 2.204900 ms  DeleteObjects: 0.048100 ms)

AssetImportParameters requested are different than current active one (requested -> active):
  custom:graphics/normal-map-encoding: 01000000000000000000000000000000 -> 02000000000000000000000000000000
========================================================================
Received Prepare
Registering precompiled user dll's ...
Registered in 0.004372 seconds.
Begin MonoManager ReloadAssembly
Native extension for Lumin target not found
Native extension for WindowsStandalone target not found
Native extension for WebGL target not found
Refreshing native plugins compatible for Editor in 0.38 ms, found 2 plugins.
Preloading 0 native plugins for Editor in 0.00 ms.
Invoked RoslynAnalysisRunner static constructor.
RoslynAnalysisRunner will not be running.
RoslynAnalysisRunner has terminated.
Mono: successfully reloaded assembly
- Completed reload, in  1.361 seconds
Platform modules already initialized, skipping
Switching build target platform(5) subTarget(0) extendedPlatform(0) -> platform(13) subTarget(537395200) extendedPlatform(0)
Refreshing native plugins compatible for Editor in 0.39 ms, found 2 plugins.
Preloading 0 native plugins for Editor in 0.00 ms.
Unloading 1407 Unused Serialized files (Serialized files now loaded: 0)
System memory in use before: 66.9 MB.
System memory in use after: 67.0 MB.

Unloading 13 unused Assets to reduce memory usage. Loaded Objects now: 1863.
Total: 2.418800 ms (FindLiveObjects: 0.206400 ms CreateObjectMapping: 0.042800 ms MarkObjects: 2.137000 ms  DeleteObjects: 0.031500 ms)

AssetImportParameters requested are different than current active one (requested -> active):
  custom:graphics/normal-map-encoding: 01000000000000000000000000000000 -> 02000000000000000000000000000000
========================================================================
Received Import Request.
  Time since last request: 54.271346 seconds.
  path: Assets/Scenes/scene.unity
  artifactKey: Guid(6c554a9dc965b9a4fae8f9cc0ccac902) Importer(815301076,1909f56bfc062723c751e8b465ee728b)
Start importing Assets/Scenes/scene.unity using Guid(6c554a9dc965b9a4fae8f9cc0ccac902) Importer(815301076,1909f56bfc062723c751e8b465ee728b)  -> (artifact id: '572e40d3d046000a62c5b28ca6690574') in 0.016122 seconds
  Import took 0.019055 seconds .

========================================================================
Received Import Request.
  Time since last request: 8.249728 seconds.
  path: Assets/Scenes/CAPTCHA.unity
  artifactKey: Guid(6c554a9dc965b9a4fae8f9cc0ccac902) Importer(815301076,1909f56bfc062723c751e8b465ee728b)
Start importing Assets/Scenes/CAPTCHA.unity using Guid(6c554a9dc965b9a4fae8f9cc0ccac902) Importer(815301076,1909f56bfc062723c751e8b465ee728b)  -> (artifact id: 'dd78671df77bbba790a1a9e5f19708ba') in 0.008101 seconds
  Import took 0.011467 seconds .

========================================================================
Received Import Request.
  Time since last request: 35.208886 seconds.
  path: Assets/Scripts/Captcha.cs
  artifactKey: Guid(30a01798b45cc044eb7565884080e4e3) Importer(815301076,1909f56bfc062723c751e8b465ee728b)
Start importing Assets/Scripts/Captcha.cs using Guid(30a01798b45cc044eb7565884080e4e3) Importer(815301076,1909f56bfc062723c751e8b465ee728b)  -> (artifact id: '3ff2538262034dd80b853f0624c999ff') in 0.010061 seconds
  Import took 0.013737 seconds .

========================================================================
Received Import Request.
  Time since last request: 0.724595 seconds.
  path: Assets/Scripts/CaptchaGenerator.cs
  artifactKey: Guid(673cda2e16a6ea44d90ae2106260436a) Importer(815301076,1909f56bfc062723c751e8b465ee728b)
Start importing Assets/Scripts/CaptchaGenerator.cs using Guid(673cda2e16a6ea44d90ae2106260436a) Importer(815301076,1909f56bfc062723c751e8b465ee728b)  -> (artifact id: '6f0a91d073a29ff9debe9eaa7687593f') in 0.006079 seconds
  Import took 0.010388 seconds .

========================================================================
Received Import Request.
  Time since last request: 1.096468 seconds.
  path: Assets/Scripts/CaptchaUI.cs
  artifactKey: Guid(e59a473282a56084383bbcc942dddabe) Importer(815301076,1909f56bfc062723c751e8b465ee728b)
Start importing Assets/Scripts/CaptchaUI.cs using Guid(e59a473282a56084383bbcc942dddabe) Importer(815301076,1909f56bfc062723c751e8b465ee728b)  -> (artifact id: '019e8d33e9abf729f04813edc92630aa') in 0.003682 seconds
  Import took 0.007041 seconds .

========================================================================
Received Import Request.
  Time since last request: 0.017329 seconds.
  path: Assets/Scripts/CaptchaUI.cs
  artifactKey: Guid(e59a473282a56084383bbcc942dddabe) Importer(815301076,1909f56bfc062723c751e8b465ee728b)
Start importing Assets/Scripts/CaptchaUI.cs using Guid(e59a473282a56084383bbcc942dddabe) Importer(815301076,1909f56bfc062723c751e8b465ee728b)  -> (artifact id: '019e8d33e9abf729f04813edc92630aa') in 0.003632 seconds
  Import took 0.006801 seconds .

========================================================================
Received Import Request.
  Time since last request: 0.659852 seconds.
  path: Assets/Scripts/DigitalDisplay.cs
  artifactKey: Guid(7d79e8f2467ec994dabf31215f8993d9) Importer(815301076,1909f56bfc062723c751e8b465ee728b)
Start importing Assets/Scripts/DigitalDisplay.cs using Guid(7d79e8f2467ec994dabf31215f8993d9) Importer(815301076,1909f56bfc062723c751e8b465ee728b)  -> (artifact id: '12f7c0a38e2d5584f2b8e32b99b3b7aa') in 0.008697 seconds
  Import took 0.011931 seconds .

========================================================================
Received Prepare
Registering precompiled user dll's ...
Registered in 0.004600 seconds.
Begin MonoManager ReloadAssembly
Native extension for Lumin target not found
Native extension for WindowsStandalone target not found
Native extension for WebGL target not found
Refreshing native plugins compatible for Editor in 0.39 ms, found 2 plugins.
Preloading 0 native plugins for Editor in 0.00 ms.
Invoked RoslynAnalysisRunner static constructor.
RoslynAnalysisRunner will not be running.
RoslynAnalysisRunner has terminated.
Mono: successfully reloaded assembly
- Completed reload, in  1.367 seconds
Platform modules already initialized, skipping
Switching build target platform(5) subTarget(0) extendedPlatform(0) -> platform(13) subTarget(537395200) extendedPlatform(0)
Refreshing native plugins compatible for Editor in 0.32 ms, found 2 plugins.
Preloading 0 native plugins for Editor in 0.00 ms.
Unloading 1407 Unused Serialized files (Serialized files now loaded: 0)
System memory in use before: 66.9 MB.
System memory in use after: 67.0 MB.

Unloading 13 unused Assets to reduce memory usage. Loaded Objects now: 1866.
Total: 2.668300 ms (FindLiveObjects: 0.151300 ms CreateObjectMapping: 0.053200 ms MarkObjects: 2.437300 ms  DeleteObjects: 0.024900 ms)

AssetImportParameters requested are different than current active one (requested -> active):
  custom:graphics/normal-map-encoding: 01000000000000000000000000000000 -> 02000000000000000000000000000000
========================================================================
Received Import Request.
  Time since last request: 128.893098 seconds.
  path: Assets/Scripts/Scenery/SceneSwitcher.cs
  artifactKey: Guid(a3803883712bac84f9a03d2b1a0ffa81) Importer(815301076,1909f56bfc062723c751e8b465ee728b)
Start importing Assets/Scripts/Scenery/SceneSwitcher.cs using Guid(a3803883712bac84f9a03d2b1a0ffa81) Importer(815301076,1909f56bfc062723c751e8b465ee728b)  -> (artifact id: '016bdaedaa1d7f6b48b5f1bd1adae138') in 0.008415 seconds
  Import took 0.011067 seconds .

========================================================================
Received Prepare
Registering precompiled user dll's ...
Registered in 0.004527 seconds.
Begin MonoManager ReloadAssembly
Native extension for Lumin target not found
Native extension for WindowsStandalone target not found
Native extension for WebGL target not found
Refreshing native plugins compatible for Editor in 0.31 ms, found 2 plugins.
Preloading 0 native plugins for Editor in 0.00 ms.
Invoked RoslynAnalysisRunner static constructor.
RoslynAnalysisRunner will not be running.
RoslynAnalysisRunner has terminated.
Mono: successfully reloaded assembly
- Completed reload, in  1.513 seconds
Platform modules already initialized, skipping
Switching build target platform(5) subTarget(0) extendedPlatform(0) -> platform(13) subTarget(537395200) extendedPlatform(0)
Refreshing native plugins compatible for Editor in 0.30 ms, found 2 plugins.
Preloading 0 native plugins for Editor in 0.00 ms.
Unloading 1407 Unused Serialized files (Serialized files now loaded: 0)
System memory in use before: 66.9 MB.
System memory in use after: 67.0 MB.

Unloading 13 unused Assets to reduce memory usage. Loaded Objects now: 1869.
Total: 2.705300 ms (FindLiveObjects: 0.192200 ms CreateObjectMapping: 0.055500 ms MarkObjects: 2.425900 ms  DeleteObjects: 0.030400 ms)

AssetImportParameters requested are different than current active one (requested -> active):
  custom:graphics/normal-map-encoding: 01000000000000000000000000000000 -> 02000000000000000000000000000000
========================================================================
Received Prepare
Registering precompiled user dll's ...
Registered in 0.004063 seconds.
Begin MonoManager ReloadAssembly
Native extension for Lumin target not found
Native extension for WindowsStandalone target not found
Native extension for WebGL target not found
Refreshing native plugins compatible for Editor in 0.39 ms, found 2 plugins.
Preloading 0 native plugins for Editor in 0.00 ms.
Invoked RoslynAnalysisRunner static constructor.
RoslynAnalysisRunner will not be running.
RoslynAnalysisRunner has terminated.
Mono: successfully reloaded assembly
- Completed reload, in  1.118 seconds
Platform modules already initialized, skipping
Switching build target platform(5) subTarget(0) extendedPlatform(0) -> platform(13) subTarget(537395200) extendedPlatform(0)
Refreshing native plugins compatible for Editor in 0.31 ms, found 2 plugins.
Preloading 0 native plugins for Editor in 0.00 ms.
Unloading 1407 Unused Serialized files (Serialized files now loaded: 0)
System memory in use before: 66.9 MB.
System memory in use after: 67.0 MB.

Unloading 13 unused Assets to reduce memory usage. Loaded Objects now: 1872.
Total: 2.663500 ms (FindLiveObjects: 0.143200 ms CreateObjectMapping: 0.045800 ms MarkObjects: 2.443800 ms  DeleteObjects: 0.029500 ms)

AssetImportParameters requested are different than current active one (requested -> active):
  custom:graphics/normal-map-encoding: 01000000000000000000000000000000 -> 02000000000000000000000000000000
========================================================================
Received Import Request.
  Time since last request: 241.100990 seconds.
  path: Assets/Scenes/CAPTCHA.unity
  artifactKey: Guid(6c554a9dc965b9a4fae8f9cc0ccac902) Importer(815301076,1909f56bfc062723c751e8b465ee728b)
Start importing Assets/Scenes/CAPTCHA.unity using Guid(6c554a9dc965b9a4fae8f9cc0ccac902) Importer(815301076,1909f56bfc062723c751e8b465ee728b)  -> (artifact id: 'dff58accd54e0786d3018f6d8f8110ee') in 0.016827 seconds
  Import took 0.019940 seconds .

========================================================================
Received Import Request.
  Time since last request: 91.935803 seconds.
  path: Assets/Scenes/CAPTCHA.unity
  artifactKey: Guid(6c554a9dc965b9a4fae8f9cc0ccac902) Importer(815301076,1909f56bfc062723c751e8b465ee728b)
Start importing Assets/Scenes/CAPTCHA.unity using Guid(6c554a9dc965b9a4fae8f9cc0ccac902) Importer(815301076,1909f56bfc062723c751e8b465ee728b)  -> (artifact id: '389ce0c34c08fca75093f8a589a96a97') in 0.005713 seconds
  Import took 0.009192 seconds .

========================================================================
Received Import Request.
  Time since last request: 182.152842 seconds.
  path: Assets/Scenes/Main_lobby.unity
  artifactKey: Guid(d5be7b405cb1e5b4bb570c40fffb3342) Importer(815301076,1909f56bfc062723c751e8b465ee728b)
Start importing Assets/Scenes/Main_lobby.unity using Guid(d5be7b405cb1e5b4bb570c40fffb3342) Importer(815301076,1909f56bfc062723c751e8b465ee728b)  -> (artifact id: '0138a18ee0c119f9faf01387835b87c5') in 0.007743 seconds
  Import took 0.011350 seconds .

========================================================================
Received Import Request.
  Time since last request: 49.542534 seconds.
  path: Assets/Scenes/CAPTCHA.unity
  artifactKey: Guid(6c554a9dc965b9a4fae8f9cc0ccac902) Importer(815301076,1909f56bfc062723c751e8b465ee728b)
Start importing Assets/Scenes/CAPTCHA.unity using Guid(6c554a9dc965b9a4fae8f9cc0ccac902) Importer(815301076,1909f56bfc062723c751e8b465ee728b)  -> (artifact id: '0aa97388ed89b6c906d13e8533dafdeb') in 0.003598 seconds
  Import took 0.006403 seconds .

========================================================================
Received Import Request.
  Time since last request: 0.009893 seconds.
  path: Assets/Scenes/CAPTCHA.unity
  artifactKey: Guid(6c554a9dc965b9a4fae8f9cc0ccac902) Importer(815301076,1909f56bfc062723c751e8b465ee728b)
Start importing Assets/Scenes/CAPTCHA.unity using Guid(6c554a9dc965b9a4fae8f9cc0ccac902) Importer(815301076,1909f56bfc062723c751e8b465ee728b)  -> (artifact id: '0aa97388ed89b6c906d13e8533dafdeb') in 0.002949 seconds
  Import took 0.005499 seconds .

========================================================================
Received Prepare
Registering precompiled user dll's ...
Registered in 0.004411 seconds.
Begin MonoManager ReloadAssembly
Native extension for Lumin target not found
Native extension for WindowsStandalone target not found
Native extension for WebGL target not found
Refreshing native plugins compatible for Editor in 0.31 ms, found 2 plugins.
Preloading 0 native plugins for Editor in 0.00 ms.
Invoked RoslynAnalysisRunner static constructor.
RoslynAnalysisRunner will not be running.
RoslynAnalysisRunner has terminated.
Mono: successfully reloaded assembly
- Completed reload, in  1.156 seconds
Platform modules already initialized, skipping
Switching build target platform(5) subTarget(0) extendedPlatform(0) -> platform(13) subTarget(537395200) extendedPlatform(0)
Refreshing native plugins compatible for Editor in 0.41 ms, found 2 plugins.
Preloading 0 native plugins for Editor in 0.00 ms.
Unloading 1407 Unused Serialized files (Serialized files now loaded: 0)
System memory in use before: 66.9 MB.
System memory in use after: 67.0 MB.

Unloading 13 unused Assets to reduce memory usage. Loaded Objects now: 1875.
Total: 3.120300 ms (FindLiveObjects: 0.177300 ms CreateObjectMapping: 0.038600 ms MarkObjects: 2.864800 ms  DeleteObjects: 0.038500 ms)

AssetImportParameters requested are different than current active one (requested -> active):
  custom:graphics/normal-map-encoding: 01000000000000000000000000000000 -> 02000000000000000000000000000000
========================================================================
Received Import Request.
  Time since last request: 70.636507 seconds.
  path: Assets/Scenes/CAPTCHA.unity
  artifactKey: Guid(6c554a9dc965b9a4fae8f9cc0ccac902) Importer(815301076,1909f56bfc062723c751e8b465ee728b)
Start importing Assets/Scenes/CAPTCHA.unity using Guid(6c554a9dc965b9a4fae8f9cc0ccac902) Importer(815301076,1909f56bfc062723c751e8b465ee728b)  -> (artifact id: 'cb4410187a60facc7ab7c67483977e6a') in 0.013185 seconds
  Import took 0.015842 seconds .

========================================================================
Received Import Request.
  Time since last request: 25.598295 seconds.
  path: Assets/Scenes/CAPTCHA.unity
  artifactKey: Guid(6c554a9dc965b9a4fae8f9cc0ccac902) Importer(815301076,1909f56bfc062723c751e8b465ee728b)
Start importing Assets/Scenes/CAPTCHA.unity using Guid(6c554a9dc965b9a4fae8f9cc0ccac902) Importer(815301076,1909f56bfc062723c751e8b465ee728b)  -> (artifact id: '2dba9774e904f79e053bb3b23475bc4e') in 0.005780 seconds
  Import took 0.008824 seconds .

========================================================================
Received Import Request.
  Time since last request: 27.257174 seconds.
  path: Assets/Scenes/CAPTCHA.unity
  artifactKey: Guid(6c554a9dc965b9a4fae8f9cc0ccac902) Importer(815301076,1909f56bfc062723c751e8b465ee728b)
Start importing Assets/Scenes/CAPTCHA.unity using Guid(6c554a9dc965b9a4fae8f9cc0ccac902) Importer(815301076,1909f56bfc062723c751e8b465ee728b)  -> (artifact id: '5d91dd45eec900311f82f62ec59b2c18') in 0.003299 seconds
  Import took 0.006539 seconds .

========================================================================
Received Prepare
Registering precompiled user dll's ...
Registered in 0.004459 seconds.
Begin MonoManager ReloadAssembly
Native extension for Lumin target not found
Native extension for WindowsStandalone target not found
Native extension for WebGL target not found
Refreshing native plugins compatible for Editor in 0.34 ms, found 2 plugins.
Preloading 0 native plugins for Editor in 0.00 ms.
Invoked RoslynAnalysisRunner static constructor.
RoslynAnalysisRunner will not be running.
RoslynAnalysisRunner has terminated.
Mono: successfully reloaded assembly
- Completed reload, in  1.151 seconds
Platform modules already initialized, skipping
Switching build target platform(5) subTarget(0) extendedPlatform(0) -> platform(13) subTarget(537395200) extendedPlatform(0)
Refreshing native plugins compatible for Editor in 0.35 ms, found 2 plugins.
Preloading 0 native plugins for Editor in 0.00 ms.
Unloading 1407 Unused Serialized files (Serialized files now loaded: 0)
System memory in use before: 67.0 MB.
System memory in use after: 67.1 MB.

Unloading 13 unused Assets to reduce memory usage. Loaded Objects now: 1878.
Total: 2.183700 ms (FindLiveObjects: 0.164500 ms CreateObjectMapping: 0.047300 ms MarkObjects: 1.938300 ms  DeleteObjects: 0.032200 ms)

AssetImportParameters requested are different than current active one (requested -> active):
  custom:graphics/normal-map-encoding: 01000000000000000000000000000000 -> 02000000000000000000000000000000
========================================================================
Received Import Request.
  Time since last request: 326.706750 seconds.
  path: Assets/Scenes/CAPTCHA.unity
  artifactKey: Guid(6c554a9dc965b9a4fae8f9cc0ccac902) Importer(815301076,1909f56bfc062723c751e8b465ee728b)
Start importing Assets/Scenes/CAPTCHA.unity using Guid(6c554a9dc965b9a4fae8f9cc0ccac902) Importer(815301076,1909f56bfc062723c751e8b465ee728b)  -> (artifact id: '3eaca864f95adcea50fe81e1373e85ab') in 0.014673 seconds
  Import took 0.017565 seconds .

========================================================================
Received Prepare
Registering precompiled user dll's ...
Registered in 0.004128 seconds.
Begin MonoManager ReloadAssembly
Native extension for Lumin target not found
Native extension for WindowsStandalone target not found
Native extension for WebGL target not found
Refreshing native plugins compatible for Editor in 0.37 ms, found 2 plugins.
Preloading 0 native plugins for Editor in 0.00 ms.
Invoked RoslynAnalysisRunner static constructor.
RoslynAnalysisRunner will not be running.
RoslynAnalysisRunner has terminated.
Mono: successfully reloaded assembly
- Completed reload, in  1.162 seconds
Platform modules already initialized, skipping
Switching build target platform(5) subTarget(0) extendedPlatform(0) -> platform(13) subTarget(537395200) extendedPlatform(0)
Refreshing native plugins compatible for Editor in 0.31 ms, found 2 plugins.
Preloading 0 native plugins for Editor in 0.00 ms.
Unloading 1407 Unused Serialized files (Serialized files now loaded: 0)
System memory in use before: 67.0 MB.
System memory in use after: 67.1 MB.

Unloading 13 unused Assets to reduce memory usage. Loaded Objects now: 1881.
Total: 2.644700 ms (FindLiveObjects: 0.143900 ms CreateObjectMapping: 0.038300 ms MarkObjects: 2.430700 ms  DeleteObjects: 0.017500 ms)

AssetImportParameters requested are different than current active one (requested -> active):
  custom:graphics/normal-map-encoding: 01000000000000000000000000000000 -> 02000000000000000000000000000000
========================================================================
Received Import Request.
  Time since last request: 127.500844 seconds.
  path: Assets/Scenes/CAPTCHA.unity
  artifactKey: Guid(6c554a9dc965b9a4fae8f9cc0ccac902) Importer(815301076,1909f56bfc062723c751e8b465ee728b)
Start importing Assets/Scenes/CAPTCHA.unity using Guid(6c554a9dc965b9a4fae8f9cc0ccac902) Importer(815301076,1909f56bfc062723c751e8b465ee728b)  -> (artifact id: '5c6bad0cc276c4efe4d89b68982d2c17') in 0.013383 seconds
  Import took 0.016098 seconds .

========================================================================
Received Import Request.
  Time since last request: 1.937558 seconds.
  path: Assets/Scenes/CAPTCHA.unity
  artifactKey: Guid(6c554a9dc965b9a4fae8f9cc0ccac902) Importer(815301076,1909f56bfc062723c751e8b465ee728b)
Start importing Assets/Scenes/CAPTCHA.unity using Guid(6c554a9dc965b9a4fae8f9cc0ccac902) Importer(815301076,1909f56bfc062723c751e8b465ee728b)  -> (artifact id: '5c6bad0cc276c4efe4d89b68982d2c17') in 0.003025 seconds
  Import took 0.005565 seconds .

========================================================================
Received Prepare
Registering precompiled user dll's ...
Registered in 0.005450 seconds.
Begin MonoManager ReloadAssembly
Native extension for Lumin target not found
Native extension for WindowsStandalone target not found
Native extension for WebGL target not found
Refreshing native plugins compatible for Editor in 0.48 ms, found 2 plugins.
Preloading 0 native plugins for Editor in 0.00 ms.
Invoked RoslynAnalysisRunner static constructor.
RoslynAnalysisRunner will not be running.
RoslynAnalysisRunner has terminated.
Mono: successfully reloaded assembly
- Completed reload, in  1.147 seconds
Platform modules already initialized, skipping
Switching build target platform(5) subTarget(0) extendedPlatform(0) -> platform(13) subTarget(537395200) extendedPlatform(0)
Refreshing native plugins compatible for Editor in 0.36 ms, found 2 plugins.
Preloading 0 native plugins for Editor in 0.00 ms.
Unloading 1407 Unused Serialized files (Serialized files now loaded: 0)
System memory in use before: 67.0 MB.
System memory in use after: 67.1 MB.

Unloading 13 unused Assets to reduce memory usage. Loaded Objects now: 1884.
Total: 2.627300 ms (FindLiveObjects: 0.187300 ms CreateObjectMapping: 0.041700 ms MarkObjects: 2.361400 ms  DeleteObjects: 0.036000 ms)

AssetImportParameters requested are different than current active one (requested -> active):
  custom:graphics/normal-map-encoding: 01000000000000000000000000000000 -> 02000000000000000000000000000000
========================================================================
Received Import Request.
  Time since last request: 42.348407 seconds.
  path: Assets/Scenes/CAPTCHA.unity
  artifactKey: Guid(6c554a9dc965b9a4fae8f9cc0ccac902) Importer(815301076,1909f56bfc062723c751e8b465ee728b)
Start importing Assets/Scenes/CAPTCHA.unity using Guid(6c554a9dc965b9a4fae8f9cc0ccac902) Importer(815301076,1909f56bfc062723c751e8b465ee728b)  -> (artifact id: 'af47eeefdb9126f4a67b6e8482216b4a') in 0.012168 seconds
  Import took 0.014383 seconds .

========================================================================
Received Prepare
Registering precompiled user dll's ...
Registered in 0.004228 seconds.
Begin MonoManager ReloadAssembly
Native extension for Lumin target not found
Native extension for WindowsStandalone target not found
Native extension for WebGL target not found
Refreshing native plugins compatible for Editor in 0.30 ms, found 2 plugins.
Preloading 0 native plugins for Editor in 0.00 ms.
Invoked RoslynAnalysisRunner static constructor.
RoslynAnalysisRunner will not be running.
RoslynAnalysisRunner has terminated.
Mono: successfully reloaded assembly
- Completed reload, in  1.186 seconds
Platform modules already initialized, skipping
Switching build target platform(5) subTarget(0) extendedPlatform(0) -> platform(13) subTarget(537395200) extendedPlatform(0)
Refreshing native plugins compatible for Editor in 0.32 ms, found 2 plugins.
Preloading 0 native plugins for Editor in 0.00 ms.
Unloading 1407 Unused Serialized files (Serialized files now loaded: 0)
System memory in use before: 67.0 MB.
System memory in use after: 67.1 MB.

Unloading 13 unused Assets to reduce memory usage. Loaded Objects now: 1887.
Total: 2.683700 ms (FindLiveObjects: 0.171200 ms CreateObjectMapping: 0.038900 ms MarkObjects: 2.455600 ms  DeleteObjects: 0.017000 ms)

AssetImportParameters requested are different than current active one (requested -> active):
  custom:graphics/normal-map-encoding: 01000000000000000000000000000000 -> 02000000000000000000000000000000
========================================================================
Received Import Request.
  Time since last request: 75.389631 seconds.
  path: Assets/Scenes/CAPTCHA.unity
  artifactKey: Guid(6c554a9dc965b9a4fae8f9cc0ccac902) Importer(815301076,1909f56bfc062723c751e8b465ee728b)
Start importing Assets/Scenes/CAPTCHA.unity using Guid(6c554a9dc965b9a4fae8f9cc0ccac902) Importer(815301076,1909f56bfc062723c751e8b465ee728b)  -> (artifact id: 'a019349f2c7ddfb7ea779f3382c51932') in 0.011360 seconds
  Import took 0.014940 seconds .

========================================================================
Received Prepare
Registering precompiled user dll's ...
Registered in 0.004443 seconds.
Begin MonoManager ReloadAssembly
Native extension for Lumin target not found
Native extension for WindowsStandalone target not found
Native extension for WebGL target not found
Refreshing native plugins compatible for Editor in 0.32 ms, found 2 plugins.
Preloading 0 native plugins for Editor in 0.00 ms.
Invoked RoslynAnalysisRunner static constructor.
RoslynAnalysisRunner will not be running.
RoslynAnalysisRunner has terminated.
Mono: successfully reloaded assembly
- Completed reload, in  1.198 seconds
Platform modules already initialized, skipping
Switching build target platform(5) subTarget(0) extendedPlatform(0) -> platform(13) subTarget(537395200) extendedPlatform(0)
Refreshing native plugins compatible for Editor in 0.36 ms, found 2 plugins.
Preloading 0 native plugins for Editor in 0.00 ms.
Unloading 1407 Unused Serialized files (Serialized files now loaded: 0)
System memory in use before: 67.0 MB.
System memory in use after: 67.1 MB.

Unloading 13 unused Assets to reduce memory usage. Loaded Objects now: 1890.
Total: 2.521900 ms (FindLiveObjects: 0.142000 ms CreateObjectMapping: 0.040700 ms MarkObjects: 2.305200 ms  DeleteObjects: 0.033200 ms)

AssetImportParameters requested are different than current active one (requested -> active):
  custom:graphics/normal-map-encoding: 01000000000000000000000000000000 -> 02000000000000000000000000000000
========================================================================
Received Prepare
Registering precompiled user dll's ...
Registered in 0.004399 seconds.
Begin MonoManager ReloadAssembly
Native extension for Lumin target not found
Native extension for WindowsStandalone target not found
Native extension for WebGL target not found
Refreshing native plugins compatible for Editor in 0.31 ms, found 2 plugins.
Preloading 0 native plugins for Editor in 0.00 ms.
Invoked RoslynAnalysisRunner static constructor.
RoslynAnalysisRunner will not be running.
RoslynAnalysisRunner has terminated.
Mono: successfully reloaded assembly
- Completed reload, in  1.136 seconds
Platform modules already initialized, skipping
Switching build target platform(5) subTarget(0) extendedPlatform(0) -> platform(13) subTarget(537395200) extendedPlatform(0)
Refreshing native plugins compatible for Editor in 0.31 ms, found 2 plugins.
Preloading 0 native plugins for Editor in 0.00 ms.
Unloading 1407 Unused Serialized files (Serialized files now loaded: 0)
System memory in use before: 67.0 MB.
System memory in use after: 67.1 MB.

Unloading 13 unused Assets to reduce memory usage. Loaded Objects now: 1893.
Total: 2.661200 ms (FindLiveObjects: 0.163000 ms CreateObjectMapping: 0.042400 ms MarkObjects: 2.420600 ms  DeleteObjects: 0.034000 ms)

AssetImportParameters requested are different than current active one (requested -> active):
  custom:graphics/normal-map-encoding: 01000000000000000000000000000000 -> 02000000000000000000000000000000
========================================================================
Received Import Request.
  Time since last request: 405.765487 seconds.
  path: Assets/Scenes/CAPTCHA.unity
  artifactKey: Guid(6c554a9dc965b9a4fae8f9cc0ccac902) Importer(815301076,1909f56bfc062723c751e8b465ee728b)
Start importing Assets/Scenes/CAPTCHA.unity using Guid(6c554a9dc965b9a4fae8f9cc0ccac902) Importer(815301076,1909f56bfc062723c751e8b465ee728b)  -> (artifact id: 'bc03a0a923cf4d35a588c174bed74927') in 0.013485 seconds
  Import took 0.016713 seconds .

========================================================================
Received Import Request.
  Time since last request: 1.258817 seconds.
  path: Assets/Scenes/CAPTCHA.unity
  artifactKey: Guid(6c554a9dc965b9a4fae8f9cc0ccac902) Importer(815301076,1909f56bfc062723c751e8b465ee728b)
Start importing Assets/Scenes/CAPTCHA.unity using Guid(6c554a9dc965b9a4fae8f9cc0ccac902) Importer(815301076,1909f56bfc062723c751e8b465ee728b)  -> (artifact id: 'd69743e5454b68257f741ce9d30dc59c') in 0.003325 seconds
  Import took 0.006192 seconds .

========================================================================
Received Prepare
Registering precompiled user dll's ...
Registered in 0.004272 seconds.
Begin MonoManager ReloadAssembly
Native extension for Lumin target not found
Native extension for WindowsStandalone target not found
Native extension for WebGL target not found
Refreshing native plugins compatible for Editor in 0.31 ms, found 2 plugins.
Preloading 0 native plugins for Editor in 0.00 ms.
Invoked RoslynAnalysisRunner static constructor.
RoslynAnalysisRunner will not be running.
RoslynAnalysisRunner has terminated.
Mono: successfully reloaded assembly
- Completed reload, in  1.204 seconds
Platform modules already initialized, skipping
Switching build target platform(5) subTarget(0) extendedPlatform(0) -> platform(13) subTarget(537395200) extendedPlatform(0)
Refreshing native plugins compatible for Editor in 0.33 ms, found 2 plugins.
Preloading 0 native plugins for Editor in 0.00 ms.
Unloading 1407 Unused Serialized files (Serialized files now loaded: 0)
System memory in use before: 67.0 MB.
System memory in use after: 67.1 MB.

Unloading 13 unused Assets to reduce memory usage. Loaded Objects now: 1896.
Total: 2.662600 ms (FindLiveObjects: 0.173700 ms CreateObjectMapping: 0.042600 ms MarkObjects: 2.411500 ms  DeleteObjects: 0.033800 ms)

AssetImportParameters requested are different than current active one (requested -> active):
  custom:graphics/normal-map-encoding: 01000000000000000000000000000000 -> 02000000000000000000000000000000
========================================================================
Received Import Request.
  Time since last request: 209.857305 seconds.
  path: Assets/Scenes/CAPTCHA.unity
  artifactKey: Guid(6c554a9dc965b9a4fae8f9cc0ccac902) Importer(815301076,1909f56bfc062723c751e8b465ee728b)
Start importing Assets/Scenes/CAPTCHA.unity using Guid(6c554a9dc965b9a4fae8f9cc0ccac902) Importer(815301076,1909f56bfc062723c751e8b465ee728b)  -> (artifact id: 'bf92cdf9c32e5bfc13389c59fdc328ae') in 0.013120 seconds
  Import took 0.016326 seconds .

========================================================================
Received Import Request.
  Time since last request: 13.643278 seconds.
  path: Assets/Sprites/captchas.png
  artifactKey: Guid(005e559c11868604fbb8d7fec0646fb2) Importer(815301076,1909f56bfc062723c751e8b465ee728b)
Start importing Assets/Sprites/captchas.png using Guid(005e559c11868604fbb8d7fec0646fb2) Importer(815301076,1909f56bfc062723c751e8b465ee728b)  -> (artifact id: '6f61354068532c36a88b0873211cda3d') in 0.111143 seconds
  Import took 0.114066 seconds .

========================================================================
Received Import Request.
  Time since last request: 109.140462 seconds.
  path: Assets/Scenes/CAPTCHA.unity
  artifactKey: Guid(6c554a9dc965b9a4fae8f9cc0ccac902) Importer(815301076,1909f56bfc062723c751e8b465ee728b)
Start importing Assets/Scenes/CAPTCHA.unity using Guid(6c554a9dc965b9a4fae8f9cc0ccac902) Importer(815301076,1909f56bfc062723c751e8b465ee728b)  -> (artifact id: '08a981817bbaf8bb154b00022460a897') in 0.003967 seconds
  Import took 0.007960 seconds .

========================================================================
Received Prepare
Registering precompiled user dll's ...
Registered in 0.004155 seconds.
Begin MonoManager ReloadAssembly
Native extension for Lumin target not found
Native extension for WindowsStandalone target not found
Native extension for WebGL target not found
Refreshing native plugins compatible for Editor in 0.60 ms, found 2 plugins.
Preloading 0 native plugins for Editor in 0.00 ms.
Invoked RoslynAnalysisRunner static constructor.
RoslynAnalysisRunner will not be running.
RoslynAnalysisRunner has terminated.
Mono: successfully reloaded assembly
- Completed reload, in  1.245 seconds
Platform modules already initialized, skipping
Switching build target platform(5) subTarget(0) extendedPlatform(0) -> platform(13) subTarget(537395200) extendedPlatform(0)
Refreshing native plugins compatible for Editor in 0.32 ms, found 2 plugins.
Preloading 0 native plugins for Editor in 0.00 ms.
Unloading 1407 Unused Serialized files (Serialized files now loaded: 0)
System memory in use before: 70.1 MB.
System memory in use after: 70.2 MB.

Unloading 13 unused Assets to reduce memory usage. Loaded Objects now: 1906.
Total: 2.691200 ms (FindLiveObjects: 0.157400 ms CreateObjectMapping: 0.042400 ms MarkObjects: 2.455600 ms  DeleteObjects: 0.035100 ms)

AssetImportParameters requested are different than current active one (requested -> active):
  custom:graphics/normal-map-encoding: 01000000000000000000000000000000 -> 02000000000000000000000000000000
AssetImportWorkerClient::OnTransportError - code=2 error=End of file
